<?xml version="1.0" encoding="UTF-8"?>
<testng-results ignored="0" total="20" passed="20" failed="0" skipped="0">
  <reporter-output>
  </reporter-output>
  <suite started-at="2022-07-08T15:49:04 EEST" name="All Test Suite" finished-at="2022-07-08T15:49:54 EEST" duration-ms="50039">
    <groups>
      <group name="search">
        <method signature="SearchFieldTest.noBooksSearch()[pri:0, instance:book_store.SearchFieldTest@1de5f259]" name="noBooksSearch" class="book_store.SearchFieldTest"/>
        <method signature="SearchFieldTest.searchByAuthor()[pri:0, instance:book_store.SearchFieldTest@1de5f259]" name="searchByAuthor" class="book_store.SearchFieldTest"/>
        <method signature="SearchFieldTest.searchByFullTitle()[pri:0, instance:book_store.SearchFieldTest@1de5f259]" name="searchByFullTitle" class="book_store.SearchFieldTest"/>
        <method signature="SearchFieldTest.searchByPhraseInTitle()[pri:0, instance:book_store.SearchFieldTest@1de5f259]" name="searchByPhraseInTitle" class="book_store.SearchFieldTest"/>
        <method signature="SearchFieldTest.searchByPublisher()[pri:0, instance:book_store.SearchFieldTest@1de5f259]" name="searchByPublisher" class="book_store.SearchFieldTest"/>
      </group> <!-- search -->
      <group name="testNow">
        <method signature="AuthorisationTest.openAccountPageWithoutAuthorisation()[pri:0, instance:authorisation.AuthorisationTest@6404f418]" name="openAccountPageWithoutAuthorisation" class="authorisation.AuthorisationTest"/>
        <method signature="BookCountSelectorTest.maxCountOfBooks5()[pri:0, instance:book_store.BookCountSelectorTest@3e11f9e9]" name="maxCountOfBooks5" class="book_store.BookCountSelectorTest"/>
      </group> <!-- testNow -->
      <group name="negative">
        <method signature="AuthorisationTest.correctUsernameAndIncorrectPassword(java.lang.String, java.lang.String)[pri:0, instance:authorisation.AuthorisationTest@6404f418]" name="correctUsernameAndIncorrectPassword" class="authorisation.AuthorisationTest"/>
        <method signature="AuthorisationTest.emptyPasswordField(java.lang.String)[pri:0, instance:authorisation.AuthorisationTest@6404f418]" name="emptyPasswordField" class="authorisation.AuthorisationTest"/>
        <method signature="AuthorisationTest.emptyUsernameField(java.lang.String)[pri:0, instance:authorisation.AuthorisationTest@6404f418]" name="emptyUsernameField" class="authorisation.AuthorisationTest"/>
        <method signature="AuthorisationTest.openAccountPageWithoutAuthorisation()[pri:0, instance:authorisation.AuthorisationTest@6404f418]" name="openAccountPageWithoutAuthorisation" class="authorisation.AuthorisationTest"/>
        <method signature="AuthorisationTest.unregisteredUsername(java.lang.String, java.lang.String)[pri:0, instance:authorisation.AuthorisationTest@6404f418]" name="unregisteredUsername" class="authorisation.AuthorisationTest"/>
        <method signature="SearchFieldTest.noBooksSearch()[pri:0, instance:book_store.SearchFieldTest@1de5f259]" name="noBooksSearch" class="book_store.SearchFieldTest"/>
      </group> <!-- negative -->
      <group name="PaginationButtonTest">
        <method signature="PaginationButtonsTest.checkAbsenceOfBehaviorWhenClickOnDisabledButtons()[pri:0, instance:book_store.PaginationButtonsTest@729d991e]" name="checkAbsenceOfBehaviorWhenClickOnDisabledButtons" class="book_store.PaginationButtonsTest"/>
        <method signature="PaginationButtonsTest.checkBothButtonsDisabled()[pri:0, instance:book_store.PaginationButtonsTest@729d991e]" name="checkBothButtonsDisabled" class="book_store.PaginationButtonsTest"/>
        <method signature="PaginationButtonsTest.movingBetweenPagesUsingPreviousAndNextButtons()[pri:0, instance:book_store.PaginationButtonsTest@729d991e]" name="movingBetweenPagesUsingPreviousAndNextButtons" class="book_store.PaginationButtonsTest"/>
      </group> <!-- PaginationButtonTest -->
      <group name="countOfBooksSelector">
        <method signature="BookCountSelectorTest.maxCountOfBooks10()[pri:0, instance:book_store.BookCountSelectorTest@3e11f9e9]" name="maxCountOfBooks10" class="book_store.BookCountSelectorTest"/>
        <method signature="BookCountSelectorTest.maxCountOfBooks100()[pri:0, instance:book_store.BookCountSelectorTest@3e11f9e9]" name="maxCountOfBooks100" class="book_store.BookCountSelectorTest"/>
        <method signature="BookCountSelectorTest.maxCountOfBooks20()[pri:0, instance:book_store.BookCountSelectorTest@3e11f9e9]" name="maxCountOfBooks20" class="book_store.BookCountSelectorTest"/>
        <method signature="BookCountSelectorTest.maxCountOfBooks25()[pri:0, instance:book_store.BookCountSelectorTest@3e11f9e9]" name="maxCountOfBooks25" class="book_store.BookCountSelectorTest"/>
        <method signature="BookCountSelectorTest.maxCountOfBooks5()[pri:0, instance:book_store.BookCountSelectorTest@3e11f9e9]" name="maxCountOfBooks5" class="book_store.BookCountSelectorTest"/>
        <method signature="BookCountSelectorTest.maxCountOfBooks50()[pri:0, instance:book_store.BookCountSelectorTest@3e11f9e9]" name="maxCountOfBooks50" class="book_store.BookCountSelectorTest"/>
      </group> <!-- countOfBooksSelector -->
      <group name="authorisation">
        <method signature="AuthorisationTest.correctAccessToProfile(java.lang.String, java.lang.String)[pri:0, instance:authorisation.AuthorisationTest@6404f418]" name="correctAccessToProfile" class="authorisation.AuthorisationTest"/>
        <method signature="AuthorisationTest.correctUsernameAndIncorrectPassword(java.lang.String, java.lang.String)[pri:0, instance:authorisation.AuthorisationTest@6404f418]" name="correctUsernameAndIncorrectPassword" class="authorisation.AuthorisationTest"/>
        <method signature="AuthorisationTest.emptyPasswordField(java.lang.String)[pri:0, instance:authorisation.AuthorisationTest@6404f418]" name="emptyPasswordField" class="authorisation.AuthorisationTest"/>
        <method signature="AuthorisationTest.emptyUsernameField(java.lang.String)[pri:0, instance:authorisation.AuthorisationTest@6404f418]" name="emptyUsernameField" class="authorisation.AuthorisationTest"/>
        <method signature="AuthorisationTest.openAccountPageWithoutAuthorisation()[pri:0, instance:authorisation.AuthorisationTest@6404f418]" name="openAccountPageWithoutAuthorisation" class="authorisation.AuthorisationTest"/>
        <method signature="AuthorisationTest.unregisteredUsername(java.lang.String, java.lang.String)[pri:0, instance:authorisation.AuthorisationTest@6404f418]" name="unregisteredUsername" class="authorisation.AuthorisationTest"/>
      </group> <!-- authorisation -->
      <group name="positive">
        <method signature="AuthorisationTest.correctAccessToProfile(java.lang.String, java.lang.String)[pri:0, instance:authorisation.AuthorisationTest@6404f418]" name="correctAccessToProfile" class="authorisation.AuthorisationTest"/>
        <method signature="BookCountSelectorTest.maxCountOfBooks10()[pri:0, instance:book_store.BookCountSelectorTest@3e11f9e9]" name="maxCountOfBooks10" class="book_store.BookCountSelectorTest"/>
        <method signature="BookCountSelectorTest.maxCountOfBooks100()[pri:0, instance:book_store.BookCountSelectorTest@3e11f9e9]" name="maxCountOfBooks100" class="book_store.BookCountSelectorTest"/>
        <method signature="BookCountSelectorTest.maxCountOfBooks20()[pri:0, instance:book_store.BookCountSelectorTest@3e11f9e9]" name="maxCountOfBooks20" class="book_store.BookCountSelectorTest"/>
        <method signature="BookCountSelectorTest.maxCountOfBooks25()[pri:0, instance:book_store.BookCountSelectorTest@3e11f9e9]" name="maxCountOfBooks25" class="book_store.BookCountSelectorTest"/>
        <method signature="BookCountSelectorTest.maxCountOfBooks5()[pri:0, instance:book_store.BookCountSelectorTest@3e11f9e9]" name="maxCountOfBooks5" class="book_store.BookCountSelectorTest"/>
        <method signature="BookCountSelectorTest.maxCountOfBooks50()[pri:0, instance:book_store.BookCountSelectorTest@3e11f9e9]" name="maxCountOfBooks50" class="book_store.BookCountSelectorTest"/>
        <method signature="PaginationButtonsTest.checkAbsenceOfBehaviorWhenClickOnDisabledButtons()[pri:0, instance:book_store.PaginationButtonsTest@729d991e]" name="checkAbsenceOfBehaviorWhenClickOnDisabledButtons" class="book_store.PaginationButtonsTest"/>
        <method signature="PaginationButtonsTest.checkBothButtonsDisabled()[pri:0, instance:book_store.PaginationButtonsTest@729d991e]" name="checkBothButtonsDisabled" class="book_store.PaginationButtonsTest"/>
        <method signature="PaginationButtonsTest.movingBetweenPagesUsingPreviousAndNextButtons()[pri:0, instance:book_store.PaginationButtonsTest@729d991e]" name="movingBetweenPagesUsingPreviousAndNextButtons" class="book_store.PaginationButtonsTest"/>
        <method signature="SearchFieldTest.searchByAuthor()[pri:0, instance:book_store.SearchFieldTest@1de5f259]" name="searchByAuthor" class="book_store.SearchFieldTest"/>
        <method signature="SearchFieldTest.searchByFullTitle()[pri:0, instance:book_store.SearchFieldTest@1de5f259]" name="searchByFullTitle" class="book_store.SearchFieldTest"/>
        <method signature="SearchFieldTest.searchByPhraseInTitle()[pri:0, instance:book_store.SearchFieldTest@1de5f259]" name="searchByPhraseInTitle" class="book_store.SearchFieldTest"/>
        <method signature="SearchFieldTest.searchByPublisher()[pri:0, instance:book_store.SearchFieldTest@1de5f259]" name="searchByPublisher" class="book_store.SearchFieldTest"/>
      </group> <!-- positive -->
    </groups>
    <test started-at="2022-07-08T15:49:04 EEST" name="Authorisation Test" finished-at="2022-07-08T15:49:54 EEST" duration-ms="50039">
      <class name="book_store.SearchFieldTest">
        <test-method is-config="true" signature="beforeMethod()[pri:0, instance:book_store.SearchFieldTest@1de5f259]" started-at="2022-07-08T15:49:04 EEST" name="beforeMethod" finished-at="2022-07-08T15:49:08 EEST" duration-ms="4525" status="PASS">
          <reporter-output>
          </reporter-output>
        </test-method> <!-- beforeMethod -->
        <test-method signature="noBooksSearch()[pri:0, instance:book_store.SearchFieldTest@1de5f259]" started-at="2022-07-08T15:49:08 EEST" name="noBooksSearch" finished-at="2022-07-08T15:49:24 EEST" duration-ms="15688" status="PASS">
          <reporter-output>
          </reporter-output>
        </test-method> <!-- noBooksSearch -->
        <test-method is-config="true" signature="afterMethod()[pri:0, instance:book_store.SearchFieldTest@1de5f259]" started-at="2022-07-08T15:49:24 EEST" name="afterMethod" finished-at="2022-07-08T15:49:26 EEST" duration-ms="2175" status="PASS">
          <reporter-output>
          </reporter-output>
        </test-method> <!-- afterMethod -->
        <test-method is-config="true" signature="beforeMethod()[pri:0, instance:book_store.SearchFieldTest@1de5f259]" started-at="2022-07-08T15:49:26 EEST" name="beforeMethod" finished-at="2022-07-08T15:49:29 EEST" duration-ms="2549" status="PASS">
          <reporter-output>
          </reporter-output>
        </test-method> <!-- beforeMethod -->
        <test-method signature="searchByAuthor()[pri:0, instance:book_store.SearchFieldTest@1de5f259]" started-at="2022-07-08T15:49:29 EEST" name="searchByAuthor" finished-at="2022-07-08T15:49:32 EEST" duration-ms="2657" status="PASS">
          <reporter-output>
          </reporter-output>
        </test-method> <!-- searchByAuthor -->
        <test-method is-config="true" signature="afterMethod()[pri:0, instance:book_store.SearchFieldTest@1de5f259]" started-at="2022-07-08T15:49:32 EEST" name="afterMethod" finished-at="2022-07-08T15:49:32 EEST" duration-ms="725" status="PASS">
          <reporter-output>
          </reporter-output>
        </test-method> <!-- afterMethod -->
        <test-method is-config="true" signature="beforeMethod()[pri:0, instance:book_store.SearchFieldTest@1de5f259]" started-at="2022-07-08T15:49:32 EEST" name="beforeMethod" finished-at="2022-07-08T15:49:35 EEST" duration-ms="2203" status="PASS">
          <reporter-output>
          </reporter-output>
        </test-method> <!-- beforeMethod -->
        <test-method signature="searchByFullTitle()[pri:0, instance:book_store.SearchFieldTest@1de5f259]" started-at="2022-07-08T15:49:35 EEST" name="searchByFullTitle" finished-at="2022-07-08T15:49:39 EEST" duration-ms="3925" status="PASS">
          <reporter-output>
          </reporter-output>
        </test-method> <!-- searchByFullTitle -->
        <test-method is-config="true" signature="afterMethod()[pri:0, instance:book_store.SearchFieldTest@1de5f259]" started-at="2022-07-08T15:49:39 EEST" name="afterMethod" finished-at="2022-07-08T15:49:39 EEST" duration-ms="733" status="PASS">
          <reporter-output>
          </reporter-output>
        </test-method> <!-- afterMethod -->
        <test-method is-config="true" signature="beforeMethod()[pri:0, instance:book_store.SearchFieldTest@1de5f259]" started-at="2022-07-08T15:49:39 EEST" name="beforeMethod" finished-at="2022-07-08T15:49:42 EEST" duration-ms="2524" status="PASS">
          <reporter-output>
          </reporter-output>
        </test-method> <!-- beforeMethod -->
        <test-method signature="searchByPhraseInTitle()[pri:0, instance:book_store.SearchFieldTest@1de5f259]" started-at="2022-07-08T15:49:42 EEST" name="searchByPhraseInTitle" finished-at="2022-07-08T15:49:45 EEST" duration-ms="3533" status="PASS">
          <reporter-output>
          </reporter-output>
        </test-method> <!-- searchByPhraseInTitle -->
        <test-method is-config="true" signature="afterMethod()[pri:0, instance:book_store.SearchFieldTest@1de5f259]" started-at="2022-07-08T15:49:45 EEST" name="afterMethod" finished-at="2022-07-08T15:49:46 EEST" duration-ms="728" status="PASS">
          <reporter-output>
          </reporter-output>
        </test-method> <!-- afterMethod -->
        <test-method is-config="true" signature="beforeMethod()[pri:0, instance:book_store.SearchFieldTest@1de5f259]" started-at="2022-07-08T15:49:46 EEST" name="beforeMethod" finished-at="2022-07-08T15:49:48 EEST" duration-ms="2255" status="PASS">
          <reporter-output>
          </reporter-output>
        </test-method> <!-- beforeMethod -->
        <test-method signature="searchByPublisher()[pri:0, instance:book_store.SearchFieldTest@1de5f259]" started-at="2022-07-08T15:49:48 EEST" name="searchByPublisher" finished-at="2022-07-08T15:49:52 EEST" duration-ms="3915" status="PASS">
          <reporter-output>
          </reporter-output>
        </test-method> <!-- searchByPublisher -->
        <test-method is-config="true" signature="afterMethod()[pri:0, instance:book_store.SearchFieldTest@1de5f259]" started-at="2022-07-08T15:49:52 EEST" name="afterMethod" finished-at="2022-07-08T15:49:53 EEST" duration-ms="764" status="PASS">
          <reporter-output>
          </reporter-output>
        </test-method> <!-- afterMethod -->
      </class> <!-- book_store.SearchFieldTest -->
      <class name="book_store.BookCountSelectorTest">
        <test-method is-config="true" signature="beforeMethod()[pri:0, instance:book_store.BookCountSelectorTest@3e11f9e9]" started-at="2022-07-08T15:49:04 EEST" name="beforeMethod" finished-at="2022-07-08T15:49:08 EEST" duration-ms="4393" status="PASS">
          <reporter-output>
          </reporter-output>
        </test-method> <!-- beforeMethod -->
        <test-method signature="maxCountOfBooks10()[pri:0, instance:book_store.BookCountSelectorTest@3e11f9e9]" started-at="2022-07-08T15:49:08 EEST" name="maxCountOfBooks10" finished-at="2022-07-08T15:49:14 EEST" duration-ms="5341" status="PASS">
          <reporter-output>
          </reporter-output>
        </test-method> <!-- maxCountOfBooks10 -->
        <test-method is-config="true" signature="afterMethod()[pri:0, instance:book_store.BookCountSelectorTest@3e11f9e9]" started-at="2022-07-08T15:49:14 EEST" name="afterMethod" finished-at="2022-07-08T15:49:15 EEST" duration-ms="848" status="PASS">
          <reporter-output>
          </reporter-output>
        </test-method> <!-- afterMethod -->
        <test-method is-config="true" signature="beforeMethod()[pri:0, instance:book_store.BookCountSelectorTest@3e11f9e9]" started-at="2022-07-08T15:49:15 EEST" name="beforeMethod" finished-at="2022-07-08T15:49:16 EEST" duration-ms="1587" status="PASS">
          <reporter-output>
          </reporter-output>
        </test-method> <!-- beforeMethod -->
        <test-method signature="maxCountOfBooks100()[pri:0, instance:book_store.BookCountSelectorTest@3e11f9e9]" started-at="2022-07-08T15:49:16 EEST" name="maxCountOfBooks100" finished-at="2022-07-08T15:49:21 EEST" duration-ms="4750" status="PASS">
          <reporter-output>
          </reporter-output>
        </test-method> <!-- maxCountOfBooks100 -->
        <test-method is-config="true" signature="afterMethod()[pri:0, instance:book_store.BookCountSelectorTest@3e11f9e9]" started-at="2022-07-08T15:49:21 EEST" name="afterMethod" finished-at="2022-07-08T15:49:23 EEST" duration-ms="1466" status="PASS">
          <reporter-output>
          </reporter-output>
        </test-method> <!-- afterMethod -->
        <test-method is-config="true" signature="beforeMethod()[pri:0, instance:book_store.BookCountSelectorTest@3e11f9e9]" started-at="2022-07-08T15:49:23 EEST" name="beforeMethod" finished-at="2022-07-08T15:49:24 EEST" duration-ms="1975" status="PASS">
          <reporter-output>
          </reporter-output>
        </test-method> <!-- beforeMethod -->
        <test-method signature="maxCountOfBooks20()[pri:0, instance:book_store.BookCountSelectorTest@3e11f9e9]" started-at="2022-07-08T15:49:24 EEST" name="maxCountOfBooks20" finished-at="2022-07-08T15:49:30 EEST" duration-ms="5533" status="PASS">
          <reporter-output>
          </reporter-output>
        </test-method> <!-- maxCountOfBooks20 -->
        <test-method is-config="true" signature="afterMethod()[pri:0, instance:book_store.BookCountSelectorTest@3e11f9e9]" started-at="2022-07-08T15:49:30 EEST" name="afterMethod" finished-at="2022-07-08T15:49:31 EEST" duration-ms="1290" status="PASS">
          <reporter-output>
          </reporter-output>
        </test-method> <!-- afterMethod -->
        <test-method is-config="true" signature="beforeMethod()[pri:0, instance:book_store.BookCountSelectorTest@3e11f9e9]" started-at="2022-07-08T15:49:31 EEST" name="beforeMethod" finished-at="2022-07-08T15:49:33 EEST" duration-ms="1911" status="PASS">
          <reporter-output>
          </reporter-output>
        </test-method> <!-- beforeMethod -->
        <test-method signature="maxCountOfBooks25()[pri:0, instance:book_store.BookCountSelectorTest@3e11f9e9]" started-at="2022-07-08T15:49:33 EEST" name="maxCountOfBooks25" finished-at="2022-07-08T15:49:38 EEST" duration-ms="4787" status="PASS">
          <reporter-output>
          </reporter-output>
        </test-method> <!-- maxCountOfBooks25 -->
        <test-method is-config="true" signature="afterMethod()[pri:0, instance:book_store.BookCountSelectorTest@3e11f9e9]" started-at="2022-07-08T15:49:38 EEST" name="afterMethod" finished-at="2022-07-08T15:49:39 EEST" duration-ms="881" status="PASS">
          <reporter-output>
          </reporter-output>
        </test-method> <!-- afterMethod -->
        <test-method is-config="true" signature="beforeMethod()[pri:0, instance:book_store.BookCountSelectorTest@3e11f9e9]" started-at="2022-07-08T15:49:39 EEST" name="beforeMethod" finished-at="2022-07-08T15:49:41 EEST" duration-ms="1892" status="PASS">
          <reporter-output>
          </reporter-output>
        </test-method> <!-- beforeMethod -->
        <test-method signature="maxCountOfBooks5()[pri:0, instance:book_store.BookCountSelectorTest@3e11f9e9]" started-at="2022-07-08T15:49:41 EEST" name="maxCountOfBooks5" finished-at="2022-07-08T15:49:45 EEST" duration-ms="4177" status="PASS">
          <reporter-output>
          </reporter-output>
        </test-method> <!-- maxCountOfBooks5 -->
        <test-method is-config="true" signature="afterMethod()[pri:0, instance:book_store.BookCountSelectorTest@3e11f9e9]" started-at="2022-07-08T15:49:45 EEST" name="afterMethod" finished-at="2022-07-08T15:49:46 EEST" duration-ms="872" status="PASS">
          <reporter-output>
          </reporter-output>
        </test-method> <!-- afterMethod -->
        <test-method is-config="true" signature="beforeMethod()[pri:0, instance:book_store.BookCountSelectorTest@3e11f9e9]" started-at="2022-07-08T15:49:46 EEST" name="beforeMethod" finished-at="2022-07-08T15:49:48 EEST" duration-ms="2092" status="PASS">
          <reporter-output>
          </reporter-output>
        </test-method> <!-- beforeMethod -->
        <test-method signature="maxCountOfBooks50()[pri:0, instance:book_store.BookCountSelectorTest@3e11f9e9]" started-at="2022-07-08T15:49:48 EEST" name="maxCountOfBooks50" finished-at="2022-07-08T15:49:52 EEST" duration-ms="3999" status="PASS">
          <reporter-output>
          </reporter-output>
        </test-method> <!-- maxCountOfBooks50 -->
        <test-method is-config="true" signature="afterMethod()[pri:0, instance:book_store.BookCountSelectorTest@3e11f9e9]" started-at="2022-07-08T15:49:52 EEST" name="afterMethod" finished-at="2022-07-08T15:49:53 EEST" duration-ms="961" status="PASS">
          <reporter-output>
          </reporter-output>
        </test-method> <!-- afterMethod -->
      </class> <!-- book_store.BookCountSelectorTest -->
      <class name="authorisation.AuthorisationTest">
        <test-method is-config="true" signature="beforeMethod()[pri:0, instance:authorisation.AuthorisationTest@6404f418]" started-at="2022-07-08T15:49:04 EEST" name="beforeMethod" finished-at="2022-07-08T15:49:08 EEST" duration-ms="4462" status="PASS">
          <reporter-output>
          </reporter-output>
        </test-method> <!-- beforeMethod -->
        <test-method signature="correctAccessToProfile(java.lang.String, java.lang.String)[pri:0, instance:authorisation.AuthorisationTest@6404f418]" started-at="2022-07-08T15:49:08 EEST" name="correctAccessToProfile" finished-at="2022-07-08T15:49:15 EEST" duration-ms="6450" status="PASS">
          <params>
            <param index="0">
              <value>
                <![CDATA[RegisteredUser]]>
              </value>
            </param>
            <param index="1">
              <value>
                <![CDATA[!Password1234]]>
              </value>
            </param>
          </params>
          <reporter-output>
          </reporter-output>
        </test-method> <!-- correctAccessToProfile -->
        <test-method is-config="true" signature="afterMethod()[pri:0, instance:authorisation.AuthorisationTest@6404f418]" started-at="2022-07-08T15:49:15 EEST" name="afterMethod" finished-at="2022-07-08T15:49:16 EEST" duration-ms="708" status="PASS">
          <reporter-output>
          </reporter-output>
        </test-method> <!-- afterMethod -->
        <test-method is-config="true" signature="beforeMethod()[pri:0, instance:authorisation.AuthorisationTest@6404f418]" started-at="2022-07-08T15:49:16 EEST" name="beforeMethod" finished-at="2022-07-08T15:49:17 EEST" duration-ms="1554" status="PASS">
          <reporter-output>
          </reporter-output>
        </test-method> <!-- beforeMethod -->
        <test-method signature="correctUsernameAndIncorrectPassword(java.lang.String, java.lang.String)[pri:0, instance:authorisation.AuthorisationTest@6404f418]" started-at="2022-07-08T15:49:17 EEST" name="correctUsernameAndIncorrectPassword" finished-at="2022-07-08T15:49:23 EEST" duration-ms="5422" status="PASS">
          <params>
            <param index="0">
              <value>
                <![CDATA[RegisteredUser]]>
              </value>
            </param>
            <param index="1">
              <value>
                <![CDATA[!IncorrectPassword123]]>
              </value>
            </param>
          </params>
          <reporter-output>
          </reporter-output>
        </test-method> <!-- correctUsernameAndIncorrectPassword -->
        <test-method is-config="true" signature="afterMethod()[pri:0, instance:authorisation.AuthorisationTest@6404f418]" started-at="2022-07-08T15:49:23 EEST" name="afterMethod" finished-at="2022-07-08T15:49:23 EEST" duration-ms="824" status="PASS">
          <reporter-output>
          </reporter-output>
        </test-method> <!-- afterMethod -->
        <test-method is-config="true" signature="beforeMethod()[pri:0, instance:authorisation.AuthorisationTest@6404f418]" started-at="2022-07-08T15:49:23 EEST" name="beforeMethod" finished-at="2022-07-08T15:49:26 EEST" duration-ms="2512" status="PASS">
          <reporter-output>
          </reporter-output>
        </test-method> <!-- beforeMethod -->
        <test-method signature="emptyPasswordField(java.lang.String)[pri:0, instance:authorisation.AuthorisationTest@6404f418]" started-at="2022-07-08T15:49:26 EEST" name="emptyPasswordField" finished-at="2022-07-08T15:49:31 EEST" duration-ms="4626" status="PASS">
          <params>
            <param index="0">
              <value>
                <![CDATA[RegisteredUser]]>
              </value>
            </param>
          </params>
          <reporter-output>
          </reporter-output>
        </test-method> <!-- emptyPasswordField -->
        <test-method is-config="true" signature="afterMethod()[pri:0, instance:authorisation.AuthorisationTest@6404f418]" started-at="2022-07-08T15:49:31 EEST" name="afterMethod" finished-at="2022-07-08T15:49:31 EEST" duration-ms="885" status="PASS">
          <reporter-output>
          </reporter-output>
        </test-method> <!-- afterMethod -->
        <test-method is-config="true" signature="beforeMethod()[pri:0, instance:authorisation.AuthorisationTest@6404f418]" started-at="2022-07-08T15:49:31 EEST" name="beforeMethod" finished-at="2022-07-08T15:49:33 EEST" duration-ms="1967" status="PASS">
          <reporter-output>
          </reporter-output>
        </test-method> <!-- beforeMethod -->
        <test-method signature="emptyUsernameField(java.lang.String)[pri:0, instance:authorisation.AuthorisationTest@6404f418]" started-at="2022-07-08T15:49:33 EEST" name="emptyUsernameField" finished-at="2022-07-08T15:49:38 EEST" duration-ms="4046" status="PASS">
          <params>
            <param index="0">
              <value>
                <![CDATA[!Password1234]]>
              </value>
            </param>
          </params>
          <reporter-output>
          </reporter-output>
        </test-method> <!-- emptyUsernameField -->
        <test-method is-config="true" signature="afterMethod()[pri:0, instance:authorisation.AuthorisationTest@6404f418]" started-at="2022-07-08T15:49:38 EEST" name="afterMethod" finished-at="2022-07-08T15:49:39 EEST" duration-ms="1405" status="PASS">
          <reporter-output>
          </reporter-output>
        </test-method> <!-- afterMethod -->
        <test-method is-config="true" signature="beforeMethod()[pri:0, instance:authorisation.AuthorisationTest@6404f418]" started-at="2022-07-08T15:49:39 EEST" name="beforeMethod" finished-at="2022-07-08T15:49:41 EEST" duration-ms="1916" status="PASS">
          <reporter-output>
          </reporter-output>
        </test-method> <!-- beforeMethod -->
        <test-method signature="openAccountPageWithoutAuthorisation()[pri:0, instance:authorisation.AuthorisationTest@6404f418]" started-at="2022-07-08T15:49:41 EEST" name="openAccountPageWithoutAuthorisation" finished-at="2022-07-08T15:49:44 EEST" duration-ms="3498" status="PASS">
          <reporter-output>
          </reporter-output>
        </test-method> <!-- openAccountPageWithoutAuthorisation -->
        <test-method is-config="true" signature="afterMethod()[pri:0, instance:authorisation.AuthorisationTest@6404f418]" started-at="2022-07-08T15:49:44 EEST" name="afterMethod" finished-at="2022-07-08T15:49:46 EEST" duration-ms="1425" status="PASS">
          <reporter-output>
          </reporter-output>
        </test-method> <!-- afterMethod -->
        <test-method is-config="true" signature="beforeMethod()[pri:0, instance:authorisation.AuthorisationTest@6404f418]" started-at="2022-07-08T15:49:46 EEST" name="beforeMethod" finished-at="2022-07-08T15:49:48 EEST" duration-ms="2466" status="PASS">
          <reporter-output>
          </reporter-output>
        </test-method> <!-- beforeMethod -->
        <test-method signature="unregisteredUsername(java.lang.String, java.lang.String)[pri:0, instance:authorisation.AuthorisationTest@6404f418]" started-at="2022-07-08T15:49:48 EEST" name="unregisteredUsername" finished-at="2022-07-08T15:49:53 EEST" duration-ms="5009" status="PASS">
          <params>
            <param index="0">
              <value>
                <![CDATA[UnregisteredUser]]>
              </value>
            </param>
            <param index="1">
              <value>
                <![CDATA[!Password1234]]>
              </value>
            </param>
          </params>
          <reporter-output>
          </reporter-output>
        </test-method> <!-- unregisteredUsername -->
        <test-method is-config="true" signature="afterMethod()[pri:0, instance:authorisation.AuthorisationTest@6404f418]" started-at="2022-07-08T15:49:53 EEST" name="afterMethod" finished-at="2022-07-08T15:49:54 EEST" duration-ms="722" status="PASS">
          <reporter-output>
          </reporter-output>
        </test-method> <!-- afterMethod -->
      </class> <!-- authorisation.AuthorisationTest -->
      <class name="book_store.PaginationButtonsTest">
        <test-method is-config="true" signature="beforeMethod()[pri:0, instance:book_store.PaginationButtonsTest@729d991e]" started-at="2022-07-08T15:49:04 EEST" name="beforeMethod" finished-at="2022-07-08T15:49:08 EEST" duration-ms="4479" status="PASS">
          <reporter-output>
          </reporter-output>
        </test-method> <!-- beforeMethod -->
        <test-method signature="checkAbsenceOfBehaviorWhenClickOnDisabledButtons()[pri:0, instance:book_store.PaginationButtonsTest@729d991e]" started-at="2022-07-08T15:49:08 EEST" name="checkAbsenceOfBehaviorWhenClickOnDisabledButtons" finished-at="2022-07-08T15:49:16 EEST" duration-ms="7583" status="PASS">
          <reporter-output>
          </reporter-output>
        </test-method> <!-- checkAbsenceOfBehaviorWhenClickOnDisabledButtons -->
        <test-method is-config="true" signature="afterMethod()[pri:0, instance:book_store.PaginationButtonsTest@729d991e]" started-at="2022-07-08T15:49:16 EEST" name="afterMethod" finished-at="2022-07-08T15:49:17 EEST" duration-ms="847" status="PASS">
          <reporter-output>
          </reporter-output>
        </test-method> <!-- afterMethod -->
        <test-method is-config="true" signature="beforeMethod()[pri:0, instance:book_store.PaginationButtonsTest@729d991e]" started-at="2022-07-08T15:49:17 EEST" name="beforeMethod" finished-at="2022-07-08T15:49:19 EEST" duration-ms="2023" status="PASS">
          <reporter-output>
          </reporter-output>
        </test-method> <!-- beforeMethod -->
        <test-method signature="checkBothButtonsDisabled()[pri:0, instance:book_store.PaginationButtonsTest@729d991e]" started-at="2022-07-08T15:49:19 EEST" name="checkBothButtonsDisabled" finished-at="2022-07-08T15:49:22 EEST" duration-ms="2811" status="PASS">
          <reporter-output>
          </reporter-output>
        </test-method> <!-- checkBothButtonsDisabled -->
        <test-method is-config="true" signature="afterMethod()[pri:0, instance:book_store.PaginationButtonsTest@729d991e]" started-at="2022-07-08T15:49:22 EEST" name="afterMethod" finished-at="2022-07-08T15:49:23 EEST" duration-ms="857" status="PASS">
          <reporter-output>
          </reporter-output>
        </test-method> <!-- afterMethod -->
        <test-method is-config="true" signature="beforeMethod()[pri:0, instance:book_store.PaginationButtonsTest@729d991e]" started-at="2022-07-08T15:49:23 EEST" name="beforeMethod" finished-at="2022-07-08T15:49:24 EEST" duration-ms="1860" status="PASS">
          <reporter-output>
          </reporter-output>
        </test-method> <!-- beforeMethod -->
        <test-method signature="movingBetweenPagesUsingPreviousAndNextButtons()[pri:0, instance:book_store.PaginationButtonsTest@729d991e]" started-at="2022-07-08T15:49:24 EEST" name="movingBetweenPagesUsingPreviousAndNextButtons" finished-at="2022-07-08T15:49:30 EEST" duration-ms="5886" status="PASS">
          <reporter-output>
          </reporter-output>
        </test-method> <!-- movingBetweenPagesUsingPreviousAndNextButtons -->
        <test-method is-config="true" signature="afterMethod()[pri:0, instance:book_store.PaginationButtonsTest@729d991e]" started-at="2022-07-08T15:49:30 EEST" name="afterMethod" finished-at="2022-07-08T15:49:31 EEST" duration-ms="1020" status="PASS">
          <reporter-output>
          </reporter-output>
        </test-method> <!-- afterMethod -->
      </class> <!-- book_store.PaginationButtonsTest -->
    </test> <!-- Authorisation Test -->
  </suite> <!-- All Test Suite -->
</testng-results>
