<?xml version="1.0" encoding="UTF-8"?>
<!-- Generated by org.testng.reporters.JUnitXMLReporter -->
<testsuite ignored="0" hostname="WIN-BGK24A9EOT2" failures="0" tests="6" name="Authorisation Test" time="34.296" errors="0" timestamp="2022-06-21T22:29:51 EEST">
  <testcase classname="authorisation.AuthorisationTest" name="authorisationWithCorrectCredentials" time="0.939"/>
  <testcase classname="authorisation.AuthorisationTest" name="correctAccessToProfile" time="1.608"/>
  <testcase classname="authorisation.AuthorisationTest" name="correctUsernameAndIncorrectPassword" time="1.594"/>
  <testcase classname="authorisation.AuthorisationTest" name="emptyPasswordField" time="0.437"/>
  <testcase classname="authorisation.AuthorisationTest" name="emptyUsernameField" time="0.465"/>
  <testcase classname="authorisation.AuthorisationTest" name="unregisteredUsername" time="1.89"/>
</testsuite> <!-- Authorisation Test -->
