<?xml version="1.0" encoding="UTF-8"?>
<!-- Generated by org.testng.reporters.JUnitXMLReporter -->
<testsuite ignored="0" hostname="WIN-BGK24A9EOT2" failures="0" tests="20" name="Authorisation Test" time="51.383" errors="0" timestamp="2022-07-08T15:40:58 EEST">
  <testcase classname="book_store.BookCountSelectorTest" name="maxCountOfBooks10" time="6.072"/>
  <testcase classname="authorisation.AuthorisationTest" name="correctAccessToProfile" time="7.402"/>
  <testcase classname="book_store.PaginationButtonsTest" name="checkAbsenceOfBehaviorWhenClickOnDisabledButtons" time="8.256"/>
  <testcase classname="book_store.BookCountSelectorTest" name="maxCountOfBooks100" time="5.024"/>
  <testcase classname="book_store.PaginationButtonsTest" name="checkBothButtonsDisabled" time="3.479"/>
  <testcase classname="authorisation.AuthorisationTest" name="correctUsernameAndIncorrectPassword" time="5.969"/>
  <testcase classname="book_store.SearchFieldTest" name="noBooksSearch" time="17.37"/>
  <testcase classname="book_store.PaginationButtonsTest" name="movingBetweenPagesUsingPreviousAndNextButtons" time="5.486"/>
  <testcase classname="authorisation.AuthorisationTest" name="emptyPasswordField" time="4.736"/>
  <testcase classname="book_store.BookCountSelectorTest" name="maxCountOfBooks20" time="6.62"/>
  <testcase classname="book_store.SearchFieldTest" name="searchByAuthor" time="4.38"/>
  <testcase classname="authorisation.AuthorisationTest" name="emptyUsernameField" time="4.058"/>
  <testcase classname="book_store.BookCountSelectorTest" name="maxCountOfBooks25" time="4.134"/>
  <testcase classname="book_store.SearchFieldTest" name="searchByFullTitle" time="3.473"/>
  <testcase classname="authorisation.AuthorisationTest" name="openAccountPageWithoutAuthorisation" time="2.69"/>
  <testcase classname="book_store.BookCountSelectorTest" name="maxCountOfBooks5" time="3.2"/>
  <testcase classname="book_store.SearchFieldTest" name="searchByPhraseInTitle" time="3.672"/>
  <testcase classname="book_store.BookCountSelectorTest" name="maxCountOfBooks50" time="3.608"/>
  <testcase classname="authorisation.AuthorisationTest" name="unregisteredUsername" time="4.604"/>
  <testcase classname="book_store.SearchFieldTest" name="searchByPublisher" time="2.564"/>
</testsuite> <!-- Authorisation Test -->
