<?xml version="1.0" encoding="UTF-8"?>
<!-- Generated by org.testng.reporters.JUnitXMLReporter -->
<testsuite ignored="0" hostname="WIN-BGK24A9EOT2" failures="0" tests="14" name="Bookstore test" time="78.616" errors="0" timestamp="2022-06-21T22:31:10 EEST">
  <testcase classname="book_store.BookCountSelectorTest" name="maxCountOfBooks10" time="0.594"/>
  <testcase classname="book_store.BookCountSelectorTest" name="maxCountOfBooks100" time="0.537"/>
  <testcase classname="book_store.BookCountSelectorTest" name="maxCountOfBooks20" time="0.562"/>
  <testcase classname="book_store.BookCountSelectorTest" name="maxCountOfBooks25" time="0.479"/>
  <testcase classname="book_store.BookCountSelectorTest" name="maxCountOfBooks5" time="0.489"/>
  <testcase classname="book_store.BookCountSelectorTest" name="maxCountOfBooks50" time="0.463"/>
  <testcase classname="book_store.PaginationButtonsTest" name="checkAbsenceOfBehaviorWhenClickOnDisabledButtons" time="2.699"/>
  <testcase classname="book_store.PaginationButtonsTest" name="checkBothButtonsDisabled" time="0.28"/>
  <testcase classname="book_store.PaginationButtonsTest" name="movingBetweenPagesUsingPreviousAndNextButtons" time="0.729"/>
  <testcase classname="book_store.SearchFieldTest" name="noBooksSearch" time="11.048"/>
  <testcase classname="book_store.SearchFieldTest" name="searchByAuthor" time="0.387"/>
  <testcase classname="book_store.SearchFieldTest" name="searchByFullTitle" time="0.443"/>
  <testcase classname="book_store.SearchFieldTest" name="searchByPhraseInTitle" time="0.486"/>
  <testcase classname="book_store.SearchFieldTest" name="searchByPublisher" time="0.584"/>
</testsuite> <!-- Bookstore test -->
